0 info it worked if it ends with ok
1 verbose cli [ 'E:\\Программы\\node\\node.exe',
1 verbose cli   'E:\\Программы\\node\\node_modules\\npm\\bin\\npm-cli.js',
1 verbose cli   'install',
1 verbose cli   '-global',
1 verbose cli   'coffeescript2' ]
2 info using npm@3.10.10
3 info using node@v6.11.3
4 silly loadCurrentTree Starting
5 silly install loadCurrentTree
6 silly install readGlobalPackageData
7 silly fetchPackageMetaData coffeescript2
8 silly fetchNamedPackageData coffeescript2
9 silly mapToRegistry name coffeescript2
10 silly mapToRegistry using default registry
11 silly mapToRegistry registry https://registry.npmjs.org/
12 silly mapToRegistry data Result {
12 silly mapToRegistry   raw: 'coffeescript2',
12 silly mapToRegistry   scope: null,
12 silly mapToRegistry   escapedName: 'coffeescript2',
12 silly mapToRegistry   name: 'coffeescript2',
12 silly mapToRegistry   rawSpec: '',
12 silly mapToRegistry   spec: 'latest',
12 silly mapToRegistry   type: 'tag' }
13 silly mapToRegistry uri https://registry.npmjs.org/coffeescript2
14 verbose request uri https://registry.npmjs.org/coffeescript2
15 verbose request no auth needed
16 info attempt registry request try #1 at 10:44:23
17 verbose request id 2dd68e87de4ec07c
18 http request GET https://registry.npmjs.org/coffeescript2
19 info retry will retry, error on last attempt: Error: connect ETIMEDOUT 151.101.36.162:443
20 info attempt registry request try #2 at 10:44:54
21 http request GET https://registry.npmjs.org/coffeescript2
22 http 404 https://registry.npmjs.org/coffeescript2
23 verbose headers { 'content-type': 'application/json',
23 verbose headers   'cache-control': 'max-age=0',
23 verbose headers   'content-length': '2',
23 verbose headers   'accept-ranges': 'bytes',
23 verbose headers   date: 'Wed, 29 Nov 2017 05:45:03 GMT',
23 verbose headers   via: '1.1 varnish',
23 verbose headers   age: '0',
23 verbose headers   connection: 'keep-alive',
23 verbose headers   'x-served-by': 'cache-ams4139-AMS',
23 verbose headers   'x-cache': 'MISS',
23 verbose headers   'x-cache-hits': '0',
23 verbose headers   'x-timer': 'S1511934303.967893,VS0,VE1024',
23 verbose headers   vary: 'Accept-Encoding' }
24 silly get cb [ 404,
24 silly get   { 'content-type': 'application/json',
24 silly get     'cache-control': 'max-age=0',
24 silly get     'content-length': '2',
24 silly get     'accept-ranges': 'bytes',
24 silly get     date: 'Wed, 29 Nov 2017 05:45:03 GMT',
24 silly get     via: '1.1 varnish',
24 silly get     age: '0',
24 silly get     connection: 'keep-alive',
24 silly get     'x-served-by': 'cache-ams4139-AMS',
24 silly get     'x-cache': 'MISS',
24 silly get     'x-cache-hits': '0',
24 silly get     'x-timer': 'S1511934303.967893,VS0,VE1024',
24 silly get     vary: 'Accept-Encoding' } ]
25 silly fetchPackageMetaData Error: Registry returned 404 for GET on https://registry.npmjs.org/coffeescript2
25 silly fetchPackageMetaData     at makeError (E:\Программы\node\node_modules\npm\node_modules\npm-registry-client\lib\request.js:302:12)
25 silly fetchPackageMetaData     at CachingRegistryClient.<anonymous> (E:\Программы\node\node_modules\npm\node_modules\npm-registry-client\lib\request.js:280:14)
25 silly fetchPackageMetaData     at Request._callback (E:\Программы\node\node_modules\npm\node_modules\npm-registry-client\lib\request.js:210:14)
25 silly fetchPackageMetaData     at Request.self.callback (E:\Программы\node\node_modules\npm\node_modules\request\request.js:187:22)
25 silly fetchPackageMetaData     at emitTwo (events.js:106:13)
25 silly fetchPackageMetaData     at Request.emit (events.js:191:7)
25 silly fetchPackageMetaData     at Request.<anonymous> (E:\Программы\node\node_modules\npm\node_modules\request\request.js:1048:10)
25 silly fetchPackageMetaData     at emitOne (events.js:96:13)
25 silly fetchPackageMetaData     at Request.emit (events.js:188:7)
25 silly fetchPackageMetaData     at IncomingMessage.<anonymous> (E:\Программы\node\node_modules\npm\node_modules\request\request.js:969:12)
25 silly fetchPackageMetaData  error for coffeescript2 { Error: Registry returned 404 for GET on https://registry.npmjs.org/coffeescript2
25 silly fetchPackageMetaData     at makeError (E:\Программы\node\node_modules\npm\node_modules\npm-registry-client\lib\request.js:302:12)
25 silly fetchPackageMetaData     at CachingRegistryClient.<anonymous> (E:\Программы\node\node_modules\npm\node_modules\npm-registry-client\lib\request.js:280:14)
25 silly fetchPackageMetaData     at Request._callback (E:\Программы\node\node_modules\npm\node_modules\npm-registry-client\lib\request.js:210:14)
25 silly fetchPackageMetaData     at Request.self.callback (E:\Программы\node\node_modules\npm\node_modules\request\request.js:187:22)
25 silly fetchPackageMetaData     at emitTwo (events.js:106:13)
25 silly fetchPackageMetaData     at Request.emit (events.js:191:7)
25 silly fetchPackageMetaData     at Request.<anonymous> (E:\Программы\node\node_modules\npm\node_modules\request\request.js:1048:10)
25 silly fetchPackageMetaData     at emitOne (events.js:96:13)
25 silly fetchPackageMetaData     at Request.emit (events.js:188:7)
25 silly fetchPackageMetaData     at IncomingMessage.<anonymous> (E:\Программы\node\node_modules\npm\node_modules\request\request.js:969:12) pkgid: 'coffeescript2', statusCode: 404, code: 'E404' }
26 silly rollbackFailedOptional Starting
27 silly rollbackFailedOptional Finishing
28 silly runTopLevelLifecycles Finishing
29 silly install printInstalled
30 verbose stack Error: Registry returned 404 for GET on https://registry.npmjs.org/coffeescript2
30 verbose stack     at makeError (E:\Программы\node\node_modules\npm\node_modules\npm-registry-client\lib\request.js:302:12)
30 verbose stack     at CachingRegistryClient.<anonymous> (E:\Программы\node\node_modules\npm\node_modules\npm-registry-client\lib\request.js:280:14)
30 verbose stack     at Request._callback (E:\Программы\node\node_modules\npm\node_modules\npm-registry-client\lib\request.js:210:14)
30 verbose stack     at Request.self.callback (E:\Программы\node\node_modules\npm\node_modules\request\request.js:187:22)
30 verbose stack     at emitTwo (events.js:106:13)
30 verbose stack     at Request.emit (events.js:191:7)
30 verbose stack     at Request.<anonymous> (E:\Программы\node\node_modules\npm\node_modules\request\request.js:1048:10)
30 verbose stack     at emitOne (events.js:96:13)
30 verbose stack     at Request.emit (events.js:188:7)
30 verbose stack     at IncomingMessage.<anonymous> (E:\Программы\node\node_modules\npm\node_modules\request\request.js:969:12)
31 verbose statusCode 404
32 verbose pkgid coffeescript2
33 verbose cwd E:\Созданные проекты\Верстка сайта\ave
34 error Windows_NT 6.1.7601
35 error argv "E:\\Программы\\node\\node.exe" "E:\\Программы\\node\\node_modules\\npm\\bin\\npm-cli.js" "install" "-global" "coffeescript2"
36 error node v6.11.3
37 error npm  v3.10.10
38 error code E404
39 error 404 Registry returned 404 for GET on https://registry.npmjs.org/coffeescript2
40 error 404
41 error 404 'coffeescript2' is not in the npm registry.
42 error 404 You should bug the author to publish it (or use the name yourself!)
43 error 404 Note that you can also install from a
44 error 404 tarball, folder, http url, or git url.
45 verbose exit [ 1, true ]
